activity_fragment_LiveCycle/build/intermediates/manifest_merge_blame_file/debug/manifest-merger-blame-debug-report.txt
1<?xml version="1.0" encoding="utf-8"?>
2<manifest xmlns:android="http://schemas.android.com/apk/res/android"
3    package="com.example.fragment"
4    android:versionCode="1"
5    android:versionName="1.0" >
6
7    <uses-sdk
8        android:minSdkVersion="15"
8-->src/main/AndroidManifest.xml
9        android:targetSdkVersion="27" />
9-->src/main/AndroidManifest.xml
10
11    <uses-permission android:name="android.permission.WRITE_EXTERNAL_STORAGE" />
11-->src/main/AndroidManifest.xml:6:5-81
11-->src/main/AndroidManifest.xml:6:22-78
12    <uses-permission android:name="android.permission.READ_PHONE_STATE" />
12-->src/main/AndroidManifest.xml:7:5-75
12-->src/main/AndroidManifest.xml:7:22-72
13    <uses-permission android:name="android.permission.READ_EXTERNAL_STORAGE" />
13-->src/main/AndroidManifest.xml:8:5-80
13-->src/main/AndroidManifest.xml:8:22-77
14
15    <application
15-->src/main/AndroidManifest.xml:10:5-26:19
16        android:allowBackup="true"
16-->src/main/AndroidManifest.xml:11:9-35
17        android:debuggable="true"
18        android:icon="@drawable/ic_launcher"
18-->src/main/AndroidManifest.xml:12:9-45
19        android:label="@string/app_name"
19-->src/main/AndroidManifest.xml:13:9-41
20        android:theme="@style/AppTheme" >
20-->src/main/AndroidManifest.xml:14:9-40
21        <activity
21-->src/main/AndroidManifest.xml:15:9-23:20
22            android:name="com.example.fragment.MainActivity"
22-->src/main/AndroidManifest.xml:16:13-41
23            android:label="@string/app_name" >
23-->src/main/AndroidManifest.xml:17:13-45
24            <intent-filter>
24-->src/main/AndroidManifest.xml:18:13-22:29
25                <action android:name="android.intent.action.MAIN" />
25-->src/main/AndroidManifest.xml:19:17-69
25-->src/main/AndroidManifest.xml:19:25-66
26
27                <category android:name="android.intent.category.LAUNCHER" />
27-->src/main/AndroidManifest.xml:21:17-77
27-->src/main/AndroidManifest.xml:21:27-74
28            </intent-filter>
29        </activity>
30        <activity android:name="com.example.fragment.Main2Activity" />
30-->src/main/AndroidManifest.xml:24:9-50
30-->src/main/AndroidManifest.xml:24:19-48
31    </application>
32
33</manifest>